<?xml version="1.0" encoding="utf-8"?><testsuites><testsuite name="pytest" errors="0" failures="0" skipped="3" tests="5" time="0.075" timestamp="2022-09-02T11:14:59.159117" hostname="MBPR-andro"><testcase classname="test.demo.test_equal" name="test_equal" time="0.003" /><testcase classname="test.demo.test_equal" name="test_hello" time="0.001" /><testcase classname="test.demo.test_equal_fail" name="test_equal_fail" time="0.000"><skipped type="pytest.skip" message="skip for cicd to run pass">/MBPR-andro/andro/python-playground/sample/test/demo/test_equal_fail.py:4: skip for cicd to run pass</skipped></testcase><testcase classname="test.demo.test_equal_fail" name="test_equal_skip_fail" time="0.000"><skipped type="pytest.skip" message="demo skip fail">/MBPR-andro/andro/python-playground/sample/test/demo/test_equal_fail.py:9: demo skip fail</skipped></testcase><testcase classname="test.demo.test_equal_fail" name="test_equal_skip_success" time="0.000"><skipped type="pytest.skip" message="demo skip success">/MBPR-andro/andro/python-playground/sample/test/demo/test_equal_fail.py:14: demo skip success</skipped></testcase></testsuite></testsuites>